<?xml version="1.0" encoding="UTF-8"?>
<coverage generated="1658250182274" clover="3.2.0">
  <project timestamp="1658250182274" name="All files">
    <metrics statements="2" coveredstatements="1" conditionals="0" coveredconditionals="0" methods="2" coveredmethods="1" elements="4" coveredelements="2" complexity="0" loc="2" ncloc="2" packages="1" files="1" classes="1"/>
    <file name="Nav.jsx" path="/Users/mark/Desktop/HackReactor/FEC/Rhydon/client/src/Nav.jsx">
      <metrics statements="2" coveredstatements="1" conditionals="0" coveredconditionals="0" methods="2" coveredmethods="1"/>
      <line num="5" count="6" type="stmt"/>
      <line num="9" count="0" type="stmt"/>
    </file>
  </project>
</coverage>
