{"/Users/mark/Desktop/HackReactor/FEC/Rhydon/client/src/Nav.jsx": {"path":"/Users/mark/Desktop/HackReactor/FEC/Rhydon/client/src/Nav.jsx","statementMap":{"0":{"start":{"line":5,"column":2},"end":{"line":19,"column":4}},"1":{"start":{"line":9,"column":31},"end":{"line":9,"column":63}}},"fnMap":{"0":{"name":"Nav","decl":{"start":{"line":4,"column":9},"end":{"line":4,"column":12}},"loc":{"start":{"line":4,"column":37},"end":{"line":20,"column":1}},"line":4},"1":{"name":"(anonymous_1)","decl":{"start":{"line":9,"column":24},"end":{"line":9,"column":25}},"loc":{"start":{"line":9,"column":31},"end":{"line":9,"column":63}},"line":9}},"branchMap":{},"s":{"0":6,"1":0},"f":{"0":6,"1":0},"b":{},"_coverageSchema":"1a1c01bbd47fc00a2c39e90264f33305004495a9","hash":"78dd43eed3c29dc15e87b6b276d9f68d07c8c18b"}
}
